2021-03-17 15:20:43 INFO  eBanking:18 - banking app is open
2021-03-17 15:20:43 INFO  eBanking:33 - banking-app login is successful
2021-03-17 19:12:08 INFO  InetBankingV1:18 - banking app is open
2021-03-17 19:20:17 INFO  InetBankingV1:18 - banking app is open
2021-03-17 19:30:02 INFO  InetBankingV1:18 - banking app is open
2021-03-17 19:32:12 INFO  InetBankingV1:18 - banking app is open
2021-03-17 19:34:46 INFO  InetBankingV1:18 - banking app is open
2021-03-17 20:15:16 INFO  InetBankingV1:21 - banking app is open
2021-03-17 22:05:47 INFO  InetBankingV1:21 - banking app is open
2021-03-17 22:07:41 INFO  InetBankingV1:21 - banking app is open
2021-03-17 22:24:09 INFO  InetBankingV1:21 - banking app is open
2021-03-17 22:31:36 INFO  InetBankingV1:21 - banking app is open
2021-03-17 22:33:34 INFO  InetBankingV1:21 - banking app is open
2021-03-17 22:39:30 INFO  InetBankingV1:21 - banking app is open
2021-03-17 22:44:34 INFO  InetBankingV1:21 - banking app is open
2021-03-17 22:46:56 INFO  InetBankingV1:21 - banking app is open
2021-03-17 22:47:44 INFO  InetBankingV1:21 - banking app is open
2021-03-17 22:47:45 INFO  InetBankingV1:37 - banking-app login is successful
2021-03-18 13:20:56 INFO  InetBankingV1:15 - banking app is open
2021-03-18 13:20:56 INFO  InetBankingV1:31 - banking-app login is successful
2021-03-18 13:22:28 INFO  InetBankingV1:15 - banking app is open
2021-03-18 13:22:28 INFO  InetBankingV1:31 - banking-app login is successful
2021-03-18 13:22:32 INFO  InetBankingV1:15 - banking app is open
2021-03-18 13:22:33 INFO  InetBankingV1:31 - banking-app login is successful
2021-03-18 15:26:01 INFO  InetBankingV1:53 - Chrome Browser is used....
2021-03-18 15:26:03 INFO  InetBankingV1:15 - banking app is open
2021-03-18 15:26:04 INFO  InetBankingV1:31 - banking-app login is successful
2021-03-18 15:26:04 INFO  InetBankingV1:71 - Exiting the Test cycle....
2021-03-18 17:43:36 INFO  InetBankingV1:58 - Chrome Browser is used....
2021-03-18 17:43:37 INFO  InetBankingV1:17 - banking app is open
2021-03-18 17:43:38 INFO  InetBankingV1:85 - Screenshot taken
2021-03-18 17:43:38 INFO  InetBankingV1:76 - Exiting the Test cycle....
2021-03-19 11:02:07 INFO  InetBankingV1:58 - Chrome Browser is used....
2021-03-19 11:02:09 INFO  InetBankingV1:22 - user name provided
2021-03-19 11:02:09 INFO  InetBankingV1:24 - password provided
2021-03-19 11:02:13 INFO  InetBankingV1:39 - Login passed
2021-03-19 11:02:26 INFO  InetBankingV1:76 - Exiting the Test cycle....
2021-03-19 11:07:18 INFO  InetBankingV1:58 - Chrome Browser is used....
2021-03-19 11:07:21 INFO  InetBankingV1:22 - user name provided
2021-03-19 11:07:21 INFO  InetBankingV1:24 - password provided
2021-03-19 11:07:24 INFO  InetBankingV1:39 - Login passed
2021-03-19 11:07:28 INFO  InetBankingV1:22 - user name provided
2021-03-19 11:07:28 INFO  InetBankingV1:24 - password provided
2021-03-19 11:07:31 INFO  InetBankingV1:39 - Login passed
2021-03-19 11:07:41 INFO  InetBankingV1:76 - Exiting the Test cycle....
2021-03-19 11:11:12 INFO  InetBankingV1:58 - Chrome Browser is used....
2021-03-19 11:11:14 INFO  InetBankingV1:22 - user name provided
2021-03-19 11:11:14 INFO  InetBankingV1:24 - password provided
2021-03-19 11:11:18 INFO  InetBankingV1:39 - Login passed
2021-03-19 11:11:22 INFO  InetBankingV1:22 - user name provided
2021-03-19 11:11:22 INFO  InetBankingV1:24 - password provided
2021-03-19 11:11:25 INFO  InetBankingV1:39 - Login passed
2021-03-19 11:11:35 INFO  InetBankingV1:76 - Exiting the Test cycle....
2021-03-19 11:16:39 INFO  InetBankingV1:58 - Chrome Browser is used....
2021-03-19 11:16:42 INFO  InetBankingV1:22 - user name provided
2021-03-19 11:16:42 INFO  InetBankingV1:24 - password provided
2021-03-19 11:16:45 INFO  InetBankingV1:39 - Login passed
2021-03-19 11:16:49 INFO  InetBankingV1:22 - user name provided
2021-03-19 11:16:49 INFO  InetBankingV1:24 - password provided
2021-03-19 11:16:52 INFO  InetBankingV1:39 - Login passed
2021-03-19 11:17:02 INFO  InetBankingV1:76 - Exiting the Test cycle....
2021-03-19 11:33:14 INFO  InetBankingV1:58 - Chrome Browser is used....
2021-03-19 11:33:16 INFO  InetBankingV1:21 - user name provided
2021-03-19 11:33:16 INFO  InetBankingV1:23 - password provided
2021-03-19 11:33:20 INFO  InetBankingV1:38 - Login passed
2021-03-19 11:33:23 INFO  InetBankingV1:21 - user name provided
2021-03-19 11:33:23 INFO  InetBankingV1:23 - password provided
2021-03-19 11:33:27 INFO  InetBankingV1:38 - Login passed
2021-03-19 11:33:37 INFO  InetBankingV1:76 - Exiting the Test cycle....
2021-03-19 11:40:18 INFO  InetBankingV1:67 - Edge Browser is used....
2021-03-19 11:40:20 INFO  InetBankingV1:21 - user name provided
2021-03-19 11:40:20 INFO  InetBankingV1:23 - password provided
2021-03-19 11:40:24 INFO  InetBankingV1:38 - Login passed
2021-03-19 11:40:27 INFO  InetBankingV1:21 - user name provided
2021-03-19 11:40:27 INFO  InetBankingV1:23 - password provided
2021-03-19 11:40:30 INFO  InetBankingV1:38 - Login passed
2021-03-19 11:40:40 INFO  InetBankingV1:76 - Exiting the Test cycle....
2021-03-19 11:45:39 INFO  InetBankingV1:67 - Edge Browser is used....
2021-03-19 11:45:43 INFO  InetBankingV1:21 - user name provided
2021-03-19 11:45:44 INFO  InetBankingV1:23 - password provided
2021-03-19 11:45:47 INFO  InetBankingV1:38 - Login passed
2021-03-19 11:45:51 INFO  InetBankingV1:21 - user name provided
2021-03-19 11:45:51 INFO  InetBankingV1:23 - password provided
2021-03-19 11:45:54 INFO  InetBankingV1:38 - Login passed
2021-03-19 11:46:04 INFO  InetBankingV1:76 - Exiting the Test cycle....
2021-03-19 12:02:51 INFO  InetBankingV1:67 - Edge Browser is used....
2021-03-19 12:02:54 INFO  InetBankingV1:21 - user name provided
2021-03-19 12:02:54 INFO  InetBankingV1:23 - password provided
2021-03-19 12:02:58 INFO  InetBankingV1:38 - Login passed
2021-03-19 12:03:01 INFO  InetBankingV1:21 - user name provided
2021-03-19 12:03:01 INFO  InetBankingV1:23 - password provided
2021-03-19 12:03:05 INFO  InetBankingV1:38 - Login passed
2021-03-19 12:03:15 INFO  InetBankingV1:21 - user name provided
2021-03-19 12:03:15 INFO  InetBankingV1:23 - password provided
2021-03-19 12:03:18 INFO  InetBankingV1:38 - Login passed
2021-03-19 12:03:22 INFO  InetBankingV1:76 - Exiting the Test cycle....
2021-03-19 13:38:13 INFO  InetBankingV1:68 - Edge Browser is used....
2021-03-19 13:38:15 INFO  InetBankingV1:18 - User name is provided
2021-03-19 13:38:15 INFO  InetBankingV1:20 - Passsword is provided
2021-03-19 13:38:19 INFO  InetBankingV1:29 - providing customer details....
2021-03-19 13:38:28 INFO  InetBankingV1:49 - validation started....
2021-03-19 13:38:28 INFO  InetBankingV1:61 - test case failed....
2021-03-19 13:38:28 INFO  InetBankingV1:86 - Screenshot taken
2021-03-19 13:38:28 INFO  InetBankingV1:77 - Exiting the Test cycle....
2021-03-19 13:42:36 INFO  InetBankingV1:68 - Edge Browser is used....
2021-03-19 13:42:46 INFO  InetBankingV1:18 - User name is provided
2021-03-19 13:42:46 INFO  InetBankingV1:20 - Passsword is provided
2021-03-19 13:43:08 INFO  InetBankingV1:29 - providing customer details....
2021-03-19 13:43:16 INFO  InetBankingV1:49 - validation started....
2021-03-19 13:43:16 INFO  InetBankingV1:61 - test case failed....
2021-03-19 13:43:17 INFO  InetBankingV1:86 - Screenshot taken
2021-03-19 13:43:17 INFO  InetBankingV1:77 - Exiting the Test cycle....
2021-03-19 13:47:27 INFO  InetBankingV1:68 - Edge Browser is used....
2021-03-19 13:47:29 INFO  InetBankingV1:18 - User name is provided
2021-03-19 13:47:29 INFO  InetBankingV1:20 - Passsword is provided
2021-03-19 13:47:33 INFO  InetBankingV1:29 - providing customer details....
2021-03-19 13:47:41 INFO  InetBankingV1:49 - validation started....
2021-03-19 13:47:41 INFO  InetBankingV1:61 - test case failed....
2021-03-19 13:47:42 INFO  InetBankingV1:86 - Screenshot taken
2021-03-19 13:47:42 INFO  InetBankingV1:77 - Exiting the Test cycle....
2021-03-19 13:53:36 INFO  InetBankingV1:68 - Edge Browser is used....
2021-03-19 13:53:38 INFO  InetBankingV1:18 - User name is provided
2021-03-19 13:53:38 INFO  InetBankingV1:20 - Passsword is provided
2021-03-19 13:53:42 INFO  InetBankingV1:29 - providing customer details....
2021-03-19 13:53:51 INFO  InetBankingV1:49 - validation started....
2021-03-19 13:53:51 INFO  InetBankingV1:61 - test case failed....
2021-03-19 13:53:51 INFO  InetBankingV1:86 - Screenshot taken
2021-03-19 13:53:51 INFO  InetBankingV1:77 - Exiting the Test cycle....
2021-03-19 14:00:45 INFO  InetBankingV1:68 - Edge Browser is used....
2021-03-19 14:00:47 INFO  InetBankingV1:18 - User name is provided
2021-03-19 14:00:47 INFO  InetBankingV1:20 - Passsword is provided
2021-03-19 14:00:51 INFO  InetBankingV1:29 - providing customer details....
2021-03-19 14:01:00 INFO  InetBankingV1:49 - validation started....
2021-03-19 14:01:00 INFO  InetBankingV1:61 - test case failed....
2021-03-19 14:01:00 INFO  InetBankingV1:86 - Screenshot taken
2021-03-19 14:01:00 INFO  InetBankingV1:77 - Exiting the Test cycle....
2021-03-19 14:03:40 INFO  InetBankingV1:68 - Edge Browser is used....
2021-03-19 14:03:41 INFO  InetBankingV1:18 - User name is provided
2021-03-19 14:03:41 INFO  InetBankingV1:20 - Passsword is provided
2021-03-19 14:03:45 INFO  InetBankingV1:29 - providing customer details....
2021-03-19 14:03:54 INFO  InetBankingV1:49 - validation started....
2021-03-19 14:03:54 INFO  InetBankingV1:61 - test case failed....
2021-03-19 14:03:54 INFO  InetBankingV1:86 - Screenshot taken
2021-03-19 14:03:54 INFO  InetBankingV1:77 - Exiting the Test cycle....
2021-03-19 14:07:16 INFO  InetBankingV1:68 - Edge Browser is used....
2021-03-19 14:07:17 INFO  InetBankingV1:18 - User name is provided
2021-03-19 14:07:17 INFO  InetBankingV1:20 - Passsword is provided
2021-03-19 14:07:21 INFO  InetBankingV1:29 - providing customer details....
2021-03-19 14:07:40 INFO  InetBankingV1:49 - validation started....
2021-03-19 14:07:40 INFO  InetBankingV1:61 - test case failed....
2021-03-19 14:07:40 INFO  InetBankingV1:86 - Screenshot taken
2021-03-19 14:07:40 INFO  InetBankingV1:77 - Exiting the Test cycle....
2021-03-19 14:12:22 INFO  InetBankingV1:68 - Edge Browser is used....
2021-03-19 14:12:23 INFO  InetBankingV1:18 - User name is provided
2021-03-19 14:12:23 INFO  InetBankingV1:20 - Passsword is provided
2021-03-19 14:12:27 INFO  InetBankingV1:29 - providing customer details....
2021-03-19 14:12:42 INFO  InetBankingV1:49 - validation started....
2021-03-19 14:12:42 INFO  InetBankingV1:61 - test case failed....
2021-03-19 14:12:42 INFO  InetBankingV1:86 - Screenshot taken
2021-03-19 14:12:42 INFO  InetBankingV1:77 - Exiting the Test cycle....
2021-03-19 14:16:03 INFO  InetBankingV1:59 - Chrome Browser is used....
2021-03-19 14:16:05 INFO  InetBankingV1:18 - User name is provided
2021-03-19 14:16:05 INFO  InetBankingV1:20 - Passsword is provided
2021-03-19 14:16:09 INFO  InetBankingV1:29 - providing customer details....
2021-03-19 14:16:23 INFO  InetBankingV1:49 - validation started....
2021-03-19 14:16:23 INFO  InetBankingV1:56 - test case passed....
2021-03-19 14:16:23 INFO  InetBankingV1:77 - Exiting the Test cycle....
2021-03-19 15:21:35 INFO  InetBankingV1:59 - Chrome Browser is used....
2021-03-19 15:21:36 INFO  InetBankingV1:18 - User name is provided
2021-03-19 15:21:36 INFO  InetBankingV1:20 - Passsword is provided
2021-03-19 15:21:40 INFO  InetBankingV1:29 - providing customer details....
2021-03-19 15:21:55 INFO  InetBankingV1:49 - validation started....
2021-03-19 15:21:55 INFO  InetBankingV1:56 - test case passed....
2021-03-19 15:21:55 INFO  InetBankingV1:77 - Exiting the Test cycle....
2021-03-19 19:12:29 INFO  InetBankingV1:59 - Chrome Browser is used....
2021-03-19 19:12:30 INFO  InetBankingV1:18 - User name is provided
2021-03-19 19:12:30 INFO  InetBankingV1:20 - Passsword is provided
2021-03-19 19:12:34 INFO  InetBankingV1:29 - providing customer details....
2021-03-19 19:12:49 INFO  InetBankingV1:49 - validation started....
2021-03-19 19:12:49 INFO  InetBankingV1:56 - test case passed....
2021-03-19 19:12:49 INFO  InetBankingV1:77 - Exiting the Test cycle....
2021-03-20 10:56:57 INFO  InetBankingV1:59 - Chrome Browser is used....
2021-03-20 10:56:59 INFO  InetBankingV1:18 - User name is provided
2021-03-20 10:56:59 INFO  InetBankingV1:20 - Passsword is provided
2021-03-20 10:57:03 INFO  InetBankingV1:29 - providing customer details....
2021-03-20 10:57:18 INFO  InetBankingV1:49 - validation started....
2021-03-20 10:57:18 INFO  InetBankingV1:56 - test case passed....
2021-03-20 10:57:18 INFO  InetBankingV1:77 - Exiting the Test cycle....
2021-03-20 11:00:30 INFO  InetBankingV1:59 - Chrome Browser is used....
2021-03-20 11:00:31 INFO  InetBankingV1:18 - User name is provided
2021-03-20 11:00:31 INFO  InetBankingV1:20 - Passsword is provided
2021-03-20 11:00:35 INFO  InetBankingV1:29 - providing customer details....
2021-03-20 11:00:50 INFO  InetBankingV1:49 - validation started....
2021-03-20 11:00:50 INFO  InetBankingV1:56 - test case passed....
2021-03-20 11:00:50 INFO  InetBankingV1:77 - Exiting the Test cycle....
2021-03-20 11:26:53 INFO  InetBankingV1:59 - Chrome Browser is used....
2021-03-20 11:26:54 INFO  InetBankingV1:18 - User name is provided
2021-03-20 11:26:54 INFO  InetBankingV1:20 - Passsword is provided
2021-03-20 11:26:58 INFO  InetBankingV1:29 - providing customer details....
2021-03-20 11:27:13 INFO  InetBankingV1:49 - validation started....
2021-03-20 11:27:13 INFO  InetBankingV1:56 - test case passed....
2021-03-20 11:27:13 INFO  InetBankingV1:77 - Exiting the Test cycle....
